<?xml version="1.0" encoding="UTF-8"?>
<!-- Generated by org.testng.reporters.JUnitReportReporter -->
<testsuite hostname="DESKTOP-EQ8K80S" failures="0" tests="4" name="tests.LoginTest" time="3.334" errors="0" timestamp="2020-01-20T21:49:16 EET" skipped="0">
  <testcase classname="tests.LoginTest" name="Should_Not_Be_Able_To_Login_When_Providing_Invalid_Password" time="0.551"/>
  <testcase classname="tests.LoginTest" name="Should_Not_Be_Able_To_Login_When_Providing_Invalid_UserName" time="0.490"/>
  <testcase classname="tests.LoginTest" name="Should_Be_Able_To_Login" time="0.597"/>
  <testcase classname="tests.LoginTest" name="Should_Not_Find_Cookies" time="1.696"/>
</testsuite> <!-- tests.LoginTest -->
