<?xml version="1.0" encoding="UTF-8"?>
<!-- Generated by org.testng.reporters.JUnitReportReporter -->
<testsuite hostname="DESKTOP-EQ8K80S" failures="0" tests="1" name="test.NewTest" time="0.304" errors="0" timestamp="2020-01-06T13:01:38 EET" skipped="0">
  <testcase classname="test.NewTest" name="loginToQanontime" time="0.304"/>
</testsuite> <!-- test.NewTest -->
