<?xml version="1.0" encoding="UTF-8"?>
<!-- Generated by org.testng.reporters.JUnitReportReporter -->
<testsuite hostname="DESKTOP-EQ8K80S" failures="0" tests="4" name="qoantime.NewTest" time="5.673" errors="0" timestamp="2020-01-07T18:44:25 EET" skipped="0">
  <testcase classname="qoantime.NewTest" name="ShouldBeAbleToCreateIssue" time="2.115"/>
  <testcase classname="qoantime.NewTest" name="dividedByZero" time="0.001"/>
  <testcase classname="qoantime.NewTest" name="ShouldNotBeAbleToCreateIssueWhileNameMissing" time="1.701"/>
  <testcase classname="qoantime.NewTest" name="ShouldNotBeAbleToCreateIssueWhileSeverityIsTooBig" time="1.856"/>
</testsuite> <!-- qoantime.NewTest -->
