<?xml version="1.0" encoding="UTF-8"?>
<!-- Generated by org.testng.reporters.JUnitReportReporter -->
<testsuite hostname="DESKTOP-EQ8K80S" failures="0" tests="8" name="tests.AddIssue" time="14.879" errors="0" timestamp="2020-01-20T21:49:43 EET" skipped="0">
  <testcase classname="tests.AddIssue" name="Should_Create_Issue_Ok" time="2.263"/>
  <testcase classname="tests.AddIssue" name="Should_Not_Create_Issue_Wit_Severity_Too_Big" time="1.577"/>
  <testcase classname="tests.AddIssue" name="Should_Not_Create_Issue_Severity_Too_Big" time="2.024"/>
  <testcase classname="tests.AddIssue" name="Should_Not_Create_Issue_Wit_Reason_Invalid" time="1.530"/>
  <testcase classname="tests.AddIssue" name="Should_Not_Create_Issue_Without_Name" time="1.411"/>
  <testcase classname="tests.AddIssue" name="Should_Create_Issue_Wit_Assigned_Valid" time="1.947"/>
  <testcase classname="tests.AddIssue" name="Should_Create_Issue_Wit_Reason_Fixed" time="1.959"/>
  <testcase classname="tests.AddIssue" name="Should_Not_Create_Issue_Wit_Assigned_Invalid" time="2.168"/>
</testsuite> <!-- tests.AddIssue -->
