<?xml version="1.0" encoding="UTF-8"?>
<!-- Generated by org.testng.reporters.JUnitReportReporter -->
<testsuite hostname="DESKTOP-EQ8K80S" failures="0" tests="1" name="tests.NewTest" time="0.005" errors="0" timestamp="2020-01-20T20:21:28 EET" skipped="0">
  <testcase classname="tests.NewTest" name="dividedByZero" time="0.005"/>
</testsuite> <!-- tests.NewTest -->
